<?xml version="1.0" encoding="UTF-8"?>
<!-- Generated by org.testng.reporters.JUnitReportReporter -->
<testsuite hostname="Stirunagaru" failures="0" tests="1" name="com.sdet.LoginAutomation" time="6.901" errors="0" timestamp="2025-01-30T20:44:09 EST" skipped="0">
  <testcase classname="com.sdet.LoginAutomation" name="login" time="6.901"/>
  <system-out/>
</testsuite> <!-- com.sdet.LoginAutomation -->
