<?xml version="1.0" encoding="UTF-8"?>
<!-- Generated by org.testng.reporters.JUnitReportReporter -->
<testsuite hostname="Stirunagaru" failures="0" tests="1" name="com.sdet.TC_Login" time="3.976" errors="0" timestamp="2025-02-03T21:45:58 EST" skipped="0">
  <testcase classname="com.sdet.TC_Login" name="Login_Test" time="3.976"/>
  <system-out/>
</testsuite> <!-- com.sdet.TC_Login -->
