<?xml version="1.0" encoding="UTF-8"?>
<!-- Generated by org.testng.reporters.JUnitReportReporter -->
<testsuite hostname="Stirunagaru" failures="0" tests="1" name="com.sdet.ScrollAction" time="11.895" errors="0" timestamp="2025-02-04T11:04:47 EST" skipped="0">
  <testcase classname="com.sdet.ScrollAction" name="myScroll" time="11.895"/>
  <system-out/>
</testsuite> <!-- com.sdet.ScrollAction -->
