<?xml version="1.0" encoding="UTF-8"?>
<!-- Generated by org.testng.reporters.JUnitReportReporter -->
<testsuite hostname="Stirunagaru" failures="0" tests="1" name="com.sdet.TC_Login" time="2.575" errors="0" timestamp="2025-02-04T10:44:12 EST" skipped="0">
  <testcase classname="com.sdet.TC_Login" name="Login_Test" time="2.575"/>
  <system-out/>
</testsuite> <!-- com.sdet.TC_Login -->
