<?xml version="1.0" encoding="UTF-8"?>
<!-- Generated by org.testng.reporters.JUnitReportReporter -->
<testsuite hostname="Stirunagaru" failures="0" tests="2" name="com.sdet.AppTest" time="0.016" errors="0" timestamp="2025-02-04T10:44:12 EST" skipped="0">
  <testcase classname="com.sdet.AppTest" name="testloginCredentials" time="0.007"/>
  <system-out/>
  <testcase classname="com.sdet.AppTest" name="testSumOfNumbers" time="0.009"/>
  <system-out/>
</testsuite> <!-- com.sdet.AppTest -->
